[2019-06-28 10:59:08] local.ERROR: SQLSTATE[HY000] [2002] Connection refused (SQL: insert into `telescope_entries` (`batch_id`, `content`, `created_at`, `type`, `uuid`) values (8e099de4-16e1-4a25-957e-48625ed94c8a, {"uri":"\/","method":"GET","controller_action":"App\\Http\\Controllers\\PostsController@index","middleware":["web","auth"],"headers":{"host":"localhost:8000","user-agent":"Mozilla\/5.0 (Macintosh; Intel Mac OS X 10.14; rv:67.0) Gecko\/20100101 Firefox\/67.0","accept":"text\/html,application\/xhtml+xml,application\/xml;q=0.9,*\/*;q=0.8","accept-language":"it-IT,it;q=0.8,en-US;q=0.5,en;q=0.3","accept-encoding":"gzip, deflate","connection":"keep-alive","upgrade-insecure-requests":"1"},"payload":[],"session":{"_token":"UqYad8N2HVbYZX0o2Fb1JjapKUQTho9bW4ZdiD7Z","url":{"intended":"http:\/\/localhost:8000"},"_previous":{"url":"http:\/\/localhost:8000"},"_flash":{"old":[],"new":[]}},"response_status":302,"response":"Redirected to http:\/\/localhost:8000\/login","duration":151,"hostname":"Brunos-MacBook-Pro-4.local"}, 2019-06-28 10:59:08, request, 8e099de4-156a-471d-b591-127e94c7ba0e)) {"exception":"[object] (Illuminate\\Database\\QueryException(code: 2002): SQLSTATE[HY000] [2002] Connection refused (SQL: insert into `telescope_entries` (`batch_id`, `content`, `created_at`, `type`, `uuid`) values (8e099de4-16e1-4a25-957e-48625ed94c8a, {\"uri\":\"\\/\",\"method\":\"GET\",\"controller_action\":\"App\\\\Http\\\\Controllers\\\\PostsController@index\",\"middleware\":[\"web\",\"auth\"],\"headers\":{\"host\":\"localhost:8000\",\"user-agent\":\"Mozilla\\/5.0 (Macintosh; Intel Mac OS X 10.14; rv:67.0) Gecko\\/20100101 Firefox\\/67.0\",\"accept\":\"text\\/html,application\\/xhtml+xml,application\\/xml;q=0.9,*\\/*;q=0.8\",\"accept-language\":\"it-IT,it;q=0.8,en-US;q=0.5,en;q=0.3\",\"accept-encoding\":\"gzip, deflate\",\"connection\":\"keep-alive\",\"upgrade-insecure-requests\":\"1\"},\"payload\":[],\"session\":{\"_token\":\"UqYad8N2HVbYZX0o2Fb1JjapKUQTho9bW4ZdiD7Z\",\"url\":{\"intended\":\"http:\\/\\/localhost:8000\"},\"_previous\":{\"url\":\"http:\\/\\/localhost:8000\"},\"_flash\":{\"old\":[],\"new\":[]}},\"response_status\":302,\"response\":\"Redirected to http:\\/\\/localhost:8000\\/login\",\"duration\":151,\"hostname\":\"Brunos-MacBook-Pro-4.local\"}, 2019-06-28 10:59:08, request, 8e099de4-156a-471d-b591-127e94c7ba0e)) at /Applications/XAMPP/xamppfiles/htdocs/BooksGram/vendor/laravel/framework/src/Illuminate/Database/Connection.php:664, PDOException(code: 2002): SQLSTATE[HY000] [2002] Connection refused at /Applications/XAMPP/xamppfiles/htdocs/BooksGram/vendor/laravel/framework/src/Illuminate/Database/Connectors/Connector.php:70)
[stacktrace]
#0 /Applications/XAMPP/xamppfiles/htdocs/BooksGram/vendor/laravel/framework/src/Illuminate/Database/Connection.php(624): Illuminate\\Database\\Connection->runQueryCallback('insert into `te...', Array, Object(Closure))
#1 /Applications/XAMPP/xamppfiles/htdocs/BooksGram/vendor/laravel/framework/src/Illuminate/Database/Connection.php(459): Illuminate\\Database\\Connection->run('insert into `te...', Array, Object(Closure))
#2 /Applications/XAMPP/xamppfiles/htdocs/BooksGram/vendor/laravel/framework/src/Illuminate/Database/Connection.php(411): Illuminate\\Database\\Connection->statement('insert into `te...', Array)
#3 /Applications/XAMPP/xamppfiles/htdocs/BooksGram/vendor/laravel/framework/src/Illuminate/Database/Query/Builder.php(2640): Illuminate\\Database\\Connection->insert('insert into `te...', Array)
#4 /Applications/XAMPP/xamppfiles/htdocs/BooksGram/vendor/laravel/telescope/src/Storage/DatabaseEntriesRepository.php(133): Illuminate\\Database\\Query\\Builder->insert(Array)
#5 /Applications/XAMPP/xamppfiles/htdocs/BooksGram/vendor/laravel/framework/src/Illuminate/Support/Collection.php(475): Laravel\\Telescope\\Storage\\DatabaseEntriesRepository->Laravel\\Telescope\\Storage\\{closure}(Object(Illuminate\\Support\\Collection), 0)
#6 /Applications/XAMPP/xamppfiles/htdocs/BooksGram/vendor/laravel/telescope/src/Storage/DatabaseEntriesRepository.php(134): Illuminate\\Support\\Collection->each(Object(Closure))
#7 /Applications/XAMPP/xamppfiles/htdocs/BooksGram/vendor/laravel/telescope/src/Telescope.php(553): Laravel\\Telescope\\Storage\\DatabaseEntriesRepository->store(Object(Illuminate\\Support\\Collection))
#8 /Applications/XAMPP/xamppfiles/htdocs/BooksGram/vendor/laravel/telescope/src/ListensForStorageOpportunities.php(44): Laravel\\Telescope\\Telescope::store(Object(Laravel\\Telescope\\Storage\\DatabaseEntriesRepository))
#9 [internal function]: Laravel\\Telescope\\Telescope::Laravel\\Telescope\\{closure}()
#10 /Applications/XAMPP/xamppfiles/htdocs/BooksGram/vendor/laravel/framework/src/Illuminate/Container/BoundMethod.php(32): call_user_func_array(Object(Closure), Array)
#11 /Applications/XAMPP/xamppfiles/htdocs/BooksGram/vendor/laravel/framework/src/Illuminate/Container/BoundMethod.php(78): Illuminate\\Container\\BoundMethod::Illuminate\\Container\\{closure}()
#12 /Applications/XAMPP/xamppfiles/htdocs/BooksGram/vendor/laravel/framework/src/Illuminate/Container/BoundMethod.php(34): Illuminate\\Container\\BoundMethod::callBoundMethod(Object(Illuminate\\Foundation\\Application), Object(Closure), Object(Closure))
#13 /Applications/XAMPP/xamppfiles/htdocs/BooksGram/vendor/laravel/framework/src/Illuminate/Container/Container.php(576): Illuminate\\Container\\BoundMethod::call(Object(Illuminate\\Foundation\\Application), Object(Closure), Array, NULL)
#14 /Applications/XAMPP/xamppfiles/htdocs/BooksGram/vendor/laravel/framework/src/Illuminate/Foundation/Application.php(1019): Illuminate\\Container\\Container->call(Object(Closure))
#15 /Applications/XAMPP/xamppfiles/htdocs/BooksGram/vendor/laravel/framework/src/Illuminate/Foundation/Http/Kernel.php(191): Illuminate\\Foundation\\Application->terminate()
#16 /Applications/XAMPP/xamppfiles/htdocs/BooksGram/public/index.php(60): Illuminate\\Foundation\\Http\\Kernel->terminate(Object(Illuminate\\Http\\Request), Object(Illuminate\\Http\\RedirectResponse))
#17 /Applications/XAMPP/xamppfiles/htdocs/BooksGram/server.php(21): require_once('/Applications/X...')
#18 {main}
"} 
[2019-06-28 10:59:08] local.ERROR: SQLSTATE[HY000] [2002] Connection refused (SQL: insert into `telescope_entries` (`batch_id`, `content`, `created_at`, `type`, `uuid`) values (8e099de4-5abc-41a2-b7bc-272bf574ea92, {"uri":"\/login","method":"GET","controller_action":"App\\Http\\Controllers\\Auth\\LoginController@showLoginForm","middleware":["web","guest"],"headers":{"host":"localhost:8000","user-agent":"Mozilla\/5.0 (Macintosh; Intel Mac OS X 10.14; rv:67.0) Gecko\/20100101 Firefox\/67.0","accept":"text\/html,application\/xhtml+xml,application\/xml;q=0.9,*\/*;q=0.8","accept-language":"it-IT,it;q=0.8,en-US;q=0.5,en;q=0.3","accept-encoding":"gzip, deflate","connection":"keep-alive","cookie":"XSRF-TOKEN=eyJpdiI6ImVOcWlQcWJuekkxWG1zTjNmYllSZkE9PSIsInZhbHVlIjoiMEg2OWdVWUUwSHBjcWU1WERPaHU5dlVUajY2ZUwzK0RYRWQzWUY1U2FDdEJjOUpUQmk3Ull0Q05DS3RDYnc0TiIsIm1hYyI6IjgyZDI3MTAwYTllMjViMjY0YmY4YzU4YTBjY2ZmNmVjNTM0MzBhNzAxN2YxZThmZThjZTY3NWNlZjRiYmY1ZmUifQ%3D%3D; booksgram_session=eyJpdiI6InBiKzZtZTc4YTFVS3E1NlpQdnFpeGc9PSIsInZhbHVlIjoiNEtkYUV6dHhQOERQaHVSMGJ4TnJ1aktycXAwTk1aZUFwcVQ3ZUVMTDl3d2ZGZVN2YTM2WEs0QXhrbVROblJPSiIsIm1hYyI6ImMxOTEzYjJiMTA1M2RiNjRkOWFiOWQ5YzM0ZjA0YjdiZGYzYWU3YTE0YzA1YmRhZTBhZTMzYjk1NDliZTNjMTIifQ%3D%3D","upgrade-insecure-requests":"1"},"payload":[],"session":{"_token":"UqYad8N2HVbYZX0o2Fb1JjapKUQTho9bW4ZdiD7Z","url":{"intended":"http:\/\/localhost:8000"},"_previous":{"url":"http:\/\/localhost:8000\/login"},"_flash":{"old":[],"new":[]}},"response_status":200,"response":{"view":"\/Applications\/XAMPP\/xamppfiles\/htdocs\/BooksGram\/resources\/views\/auth\/login.blade.php","data":[]},"duration":128,"hostname":"Brunos-MacBook-Pro-4.local"}, 2019-06-28 10:59:08, request, 8e099de4-599e-4940-a9c7-8c109cb06a1d)) {"exception":"[object] (Illuminate\\Database\\QueryException(code: 2002): SQLSTATE[HY000] [2002] Connection refused (SQL: insert into `telescope_entries` (`batch_id`, `content`, `created_at`, `type`, `uuid`) values (8e099de4-5abc-41a2-b7bc-272bf574ea92, {\"uri\":\"\\/login\",\"method\":\"GET\",\"controller_action\":\"App\\\\Http\\\\Controllers\\\\Auth\\\\LoginController@showLoginForm\",\"middleware\":[\"web\",\"guest\"],\"headers\":{\"host\":\"localhost:8000\",\"user-agent\":\"Mozilla\\/5.0 (Macintosh; Intel Mac OS X 10.14; rv:67.0) Gecko\\/20100101 Firefox\\/67.0\",\"accept\":\"text\\/html,application\\/xhtml+xml,application\\/xml;q=0.9,*\\/*;q=0.8\",\"accept-language\":\"it-IT,it;q=0.8,en-US;q=0.5,en;q=0.3\",\"accept-encoding\":\"gzip, deflate\",\"connection\":\"keep-alive\",\"cookie\":\"XSRF-TOKEN=eyJpdiI6ImVOcWlQcWJuekkxWG1zTjNmYllSZkE9PSIsInZhbHVlIjoiMEg2OWdVWUUwSHBjcWU1WERPaHU5dlVUajY2ZUwzK0RYRWQzWUY1U2FDdEJjOUpUQmk3Ull0Q05DS3RDYnc0TiIsIm1hYyI6IjgyZDI3MTAwYTllMjViMjY0YmY4YzU4YTBjY2ZmNmVjNTM0MzBhNzAxN2YxZThmZThjZTY3NWNlZjRiYmY1ZmUifQ%3D%3D; booksgram_session=eyJpdiI6InBiKzZtZTc4YTFVS3E1NlpQdnFpeGc9PSIsInZhbHVlIjoiNEtkYUV6dHhQOERQaHVSMGJ4TnJ1aktycXAwTk1aZUFwcVQ3ZUVMTDl3d2ZGZVN2YTM2WEs0QXhrbVROblJPSiIsIm1hYyI6ImMxOTEzYjJiMTA1M2RiNjRkOWFiOWQ5YzM0ZjA0YjdiZGYzYWU3YTE0YzA1YmRhZTBhZTMzYjk1NDliZTNjMTIifQ%3D%3D\",\"upgrade-insecure-requests\":\"1\"},\"payload\":[],\"session\":{\"_token\":\"UqYad8N2HVbYZX0o2Fb1JjapKUQTho9bW4ZdiD7Z\",\"url\":{\"intended\":\"http:\\/\\/localhost:8000\"},\"_previous\":{\"url\":\"http:\\/\\/localhost:8000\\/login\"},\"_flash\":{\"old\":[],\"new\":[]}},\"response_status\":200,\"response\":{\"view\":\"\\/Applications\\/XAMPP\\/xamppfiles\\/htdocs\\/BooksGram\\/resources\\/views\\/auth\\/login.blade.php\",\"data\":[]},\"duration\":128,\"hostname\":\"Brunos-MacBook-Pro-4.local\"}, 2019-06-28 10:59:08, request, 8e099de4-599e-4940-a9c7-8c109cb06a1d)) at /Applications/XAMPP/xamppfiles/htdocs/BooksGram/vendor/laravel/framework/src/Illuminate/Database/Connection.php:664, PDOException(code: 2002): SQLSTATE[HY000] [2002] Connection refused at /Applications/XAMPP/xamppfiles/htdocs/BooksGram/vendor/laravel/framework/src/Illuminate/Database/Connectors/Connector.php:70)
[stacktrace]
#0 /Applications/XAMPP/xamppfiles/htdocs/BooksGram/vendor/laravel/framework/src/Illuminate/Database/Connection.php(624): Illuminate\\Database\\Connection->runQueryCallback('insert into `te...', Array, Object(Closure))
#1 /Applications/XAMPP/xamppfiles/htdocs/BooksGram/vendor/laravel/framework/src/Illuminate/Database/Connection.php(459): Illuminate\\Database\\Connection->run('insert into `te...', Array, Object(Closure))
#2 /Applications/XAMPP/xamppfiles/htdocs/BooksGram/vendor/laravel/framework/src/Illuminate/Database/Connection.php(411): Illuminate\\Database\\Connection->statement('insert into `te...', Array)
#3 /Applications/XAMPP/xamppfiles/htdocs/BooksGram/vendor/laravel/framework/src/Illuminate/Database/Query/Builder.php(2640): Illuminate\\Database\\Connection->insert('insert into `te...', Array)
#4 /Applications/XAMPP/xamppfiles/htdocs/BooksGram/vendor/laravel/telescope/src/Storage/DatabaseEntriesRepository.php(133): Illuminate\\Database\\Query\\Builder->insert(Array)
#5 /Applications/XAMPP/xamppfiles/htdocs/BooksGram/vendor/laravel/framework/src/Illuminate/Support/Collection.php(475): Laravel\\Telescope\\Storage\\DatabaseEntriesRepository->Laravel\\Telescope\\Storage\\{closure}(Object(Illuminate\\Support\\Collection), 0)
#6 /Applications/XAMPP/xamppfiles/htdocs/BooksGram/vendor/laravel/telescope/src/Storage/DatabaseEntriesRepository.php(134): Illuminate\\Support\\Collection->each(Object(Closure))
#7 /Applications/XAMPP/xamppfiles/htdocs/BooksGram/vendor/laravel/telescope/src/Telescope.php(553): Laravel\\Telescope\\Storage\\DatabaseEntriesRepository->store(Object(Illuminate\\Support\\Collection))
#8 /Applications/XAMPP/xamppfiles/htdocs/BooksGram/vendor/laravel/telescope/src/ListensForStorageOpportunities.php(44): Laravel\\Telescope\\Telescope::store(Object(Laravel\\Telescope\\Storage\\DatabaseEntriesRepository))
#9 [internal function]: Laravel\\Telescope\\Telescope::Laravel\\Telescope\\{closure}()
#10 /Applications/XAMPP/xamppfiles/htdocs/BooksGram/vendor/laravel/framework/src/Illuminate/Container/BoundMethod.php(32): call_user_func_array(Object(Closure), Array)
#11 /Applications/XAMPP/xamppfiles/htdocs/BooksGram/vendor/laravel/framework/src/Illuminate/Container/BoundMethod.php(78): Illuminate\\Container\\BoundMethod::Illuminate\\Container\\{closure}()
#12 /Applications/XAMPP/xamppfiles/htdocs/BooksGram/vendor/laravel/framework/src/Illuminate/Container/BoundMethod.php(34): Illuminate\\Container\\BoundMethod::callBoundMethod(Object(Illuminate\\Foundation\\Application), Object(Closure), Object(Closure))
#13 /Applications/XAMPP/xamppfiles/htdocs/BooksGram/vendor/laravel/framework/src/Illuminate/Container/Container.php(576): Illuminate\\Container\\BoundMethod::call(Object(Illuminate\\Foundation\\Application), Object(Closure), Array, NULL)
#14 /Applications/XAMPP/xamppfiles/htdocs/BooksGram/vendor/laravel/framework/src/Illuminate/Foundation/Application.php(1019): Illuminate\\Container\\Container->call(Object(Closure))
#15 /Applications/XAMPP/xamppfiles/htdocs/BooksGram/vendor/laravel/framework/src/Illuminate/Foundation/Http/Kernel.php(191): Illuminate\\Foundation\\Application->terminate()
#16 /Applications/XAMPP/xamppfiles/htdocs/BooksGram/public/index.php(60): Illuminate\\Foundation\\Http\\Kernel->terminate(Object(Illuminate\\Http\\Request), Object(Illuminate\\Http\\Response))
#17 /Applications/XAMPP/xamppfiles/htdocs/BooksGram/server.php(21): require_once('/Applications/X...')
#18 {main}
"} 
[2019-06-28 10:59:18] local.ERROR: SQLSTATE[HY000] [2002] Connection refused (SQL: select * from `users` where `email` = casella0798@gmail.com limit 1) {"exception":"[object] (Illuminate\\Database\\QueryException(code: 2002): SQLSTATE[HY000] [2002] Connection refused (SQL: select * from `users` where `email` = casella0798@gmail.com limit 1) at /Applications/XAMPP/xamppfiles/htdocs/BooksGram/vendor/laravel/framework/src/Illuminate/Database/Connection.php:664, PDOException(code: 2002): SQLSTATE[HY000] [2002] Connection refused at /Applications/XAMPP/xamppfiles/htdocs/BooksGram/vendor/laravel/framework/src/Illuminate/Database/Connectors/Connector.php:70)
[stacktrace]
#0 /Applications/XAMPP/xamppfiles/htdocs/BooksGram/vendor/laravel/framework/src/Illuminate/Database/Connection.php(624): Illuminate\\Database\\Connection->runQueryCallback('select * from `...', Array, Object(Closure))
#1 /Applications/XAMPP/xamppfiles/htdocs/BooksGram/vendor/laravel/framework/src/Illuminate/Database/Connection.php(333): Illuminate\\Database\\Connection->run('select * from `...', Array, Object(Closure))
#2 /Applications/XAMPP/xamppfiles/htdocs/BooksGram/vendor/laravel/framework/src/Illuminate/Database/Query/Builder.php(2124): Illuminate\\Database\\Connection->select('select * from `...', Array, true)
#3 /Applications/XAMPP/xamppfiles/htdocs/BooksGram/vendor/laravel/framework/src/Illuminate/Database/Query/Builder.php(2112): Illuminate\\Database\\Query\\Builder->runSelect()
#4 /Applications/XAMPP/xamppfiles/htdocs/BooksGram/vendor/laravel/framework/src/Illuminate/Database/Query/Builder.php(2598): Illuminate\\Database\\Query\\Builder->Illuminate\\Database\\Query\\{closure}()
#5 /Applications/XAMPP/xamppfiles/htdocs/BooksGram/vendor/laravel/framework/src/Illuminate/Database/Query/Builder.php(2113): Illuminate\\Database\\Query\\Builder->onceWithColumns(Array, Object(Closure))
#6 /Applications/XAMPP/xamppfiles/htdocs/BooksGram/vendor/laravel/framework/src/Illuminate/Database/Eloquent/Builder.php(521): Illuminate\\Database\\Query\\Builder->get(Array)
#7 /Applications/XAMPP/xamppfiles/htdocs/BooksGram/vendor/laravel/framework/src/Illuminate/Database/Eloquent/Builder.php(505): Illuminate\\Database\\Eloquent\\Builder->getModels(Array)
#8 /Applications/XAMPP/xamppfiles/htdocs/BooksGram/vendor/laravel/framework/src/Illuminate/Database/Concerns/BuildsQueries.php(77): Illuminate\\Database\\Eloquent\\Builder->get(Array)
#9 /Applications/XAMPP/xamppfiles/htdocs/BooksGram/vendor/laravel/framework/src/Illuminate/Auth/EloquentUserProvider.php(131): Illuminate\\Database\\Eloquent\\Builder->first()
#10 /Applications/XAMPP/xamppfiles/htdocs/BooksGram/vendor/laravel/framework/src/Illuminate/Auth/SessionGuard.php(349): Illuminate\\Auth\\EloquentUserProvider->retrieveByCredentials(Array)
#11 /Applications/XAMPP/xamppfiles/htdocs/BooksGram/vendor/laravel/framework/src/Illuminate/Foundation/Auth/AuthenticatesUsers.php(82): Illuminate\\Auth\\SessionGuard->attempt(Array, false)
#12 /Applications/XAMPP/xamppfiles/htdocs/BooksGram/vendor/laravel/framework/src/Illuminate/Foundation/Auth/AuthenticatesUsers.php(45): App\\Http\\Controllers\\Auth\\LoginController->attemptLogin(Object(Illuminate\\Http\\Request))
#13 [internal function]: App\\Http\\Controllers\\Auth\\LoginController->login(Object(Illuminate\\Http\\Request))
#14 /Applications/XAMPP/xamppfiles/htdocs/BooksGram/vendor/laravel/framework/src/Illuminate/Routing/Controller.php(54): call_user_func_array(Array, Array)
#15 /Applications/XAMPP/xamppfiles/htdocs/BooksGram/vendor/laravel/framework/src/Illuminate/Routing/ControllerDispatcher.php(45): Illuminate\\Routing\\Controller->callAction('login', Array)
#16 /Applications/XAMPP/xamppfiles/htdocs/BooksGram/vendor/laravel/framework/src/Illuminate/Routing/Route.php(219): Illuminate\\Routing\\ControllerDispatcher->dispatch(Object(Illuminate\\Routing\\Route), Object(App\\Http\\Controllers\\Auth\\LoginController), 'login')
#17 /Applications/XAMPP/xamppfiles/htdocs/BooksGram/vendor/laravel/framework/src/Illuminate/Routing/Route.php(176): Illuminate\\Routing\\Route->runController()
#18 /Applications/XAMPP/xamppfiles/htdocs/BooksGram/vendor/laravel/framework/src/Illuminate/Routing/Router.php(680): Illuminate\\Routing\\Route->run()
#19 /Applications/XAMPP/xamppfiles/htdocs/BooksGram/vendor/laravel/framework/src/Illuminate/Routing/Pipeline.php(30): Illuminate\\Routing\\Router->Illuminate\\Routing\\{closure}(Object(Illuminate\\Http\\Request))
#20 /Applications/XAMPP/xamppfiles/htdocs/BooksGram/app/Http/Middleware/RedirectIfAuthenticated.php(24): Illuminate\\Routing\\Pipeline->Illuminate\\Routing\\{closure}(Object(Illuminate\\Http\\Request))
#21 /Applications/XAMPP/xamppfiles/htdocs/BooksGram/vendor/laravel/framework/src/Illuminate/Pipeline/Pipeline.php(163): App\\Http\\Middleware\\RedirectIfAuthenticated->handle(Object(Illuminate\\Http\\Request), Object(Closure))
#22 /Applications/XAMPP/xamppfiles/htdocs/BooksGram/vendor/laravel/framework/src/Illuminate/Routing/Pipeline.php(53): Illuminate\\Pipeline\\Pipeline->Illuminate\\Pipeline\\{closure}(Object(Illuminate\\Http\\Request))
#23 /Applications/XAMPP/xamppfiles/htdocs/BooksGram/vendor/laravel/framework/src/Illuminate/Routing/Middleware/SubstituteBindings.php(41): Illuminate\\Routing\\Pipeline->Illuminate\\Routing\\{closure}(Object(Illuminate\\Http\\Request))
#24 /Applications/XAMPP/xamppfiles/htdocs/BooksGram/vendor/laravel/framework/src/Illuminate/Pipeline/Pipeline.php(163): Illuminate\\Routing\\Middleware\\SubstituteBindings->handle(Object(Illuminate\\Http\\Request), Object(Closure))
#25 /Applications/XAMPP/xamppfiles/htdocs/BooksGram/vendor/laravel/framework/src/Illuminate/Routing/Pipeline.php(53): Illuminate\\Pipeline\\Pipeline->Illuminate\\Pipeline\\{closure}(Object(Illuminate\\Http\\Request))
#26 /Applications/XAMPP/xamppfiles/htdocs/BooksGram/vendor/laravel/framework/src/Illuminate/Foundation/Http/Middleware/VerifyCsrfToken.php(75): Illuminate\\Routing\\Pipeline->Illuminate\\Routing\\{closure}(Object(Illuminate\\Http\\Request))
#27 /Applications/XAMPP/xamppfiles/htdocs/BooksGram/vendor/laravel/framework/src/Illuminate/Pipeline/Pipeline.php(163): Illuminate\\Foundation\\Http\\Middleware\\VerifyCsrfToken->handle(Object(Illuminate\\Http\\Request), Object(Closure))
#28 /Applications/XAMPP/xamppfiles/htdocs/BooksGram/vendor/laravel/framework/src/Illuminate/Routing/Pipeline.php(53): Illuminate\\Pipeline\\Pipeline->Illuminate\\Pipeline\\{closure}(Object(Illuminate\\Http\\Request))
#29 /Applications/XAMPP/xamppfiles/htdocs/BooksGram/vendor/laravel/framework/src/Illuminate/View/Middleware/ShareErrorsFromSession.php(49): Illuminate\\Routing\\Pipeline->Illuminate\\Routing\\{closure}(Object(Illuminate\\Http\\Request))
#30 /Applications/XAMPP/xamppfiles/htdocs/BooksGram/vendor/laravel/framework/src/Illuminate/Pipeline/Pipeline.php(163): Illuminate\\View\\Middleware\\ShareErrorsFromSession->handle(Object(Illuminate\\Http\\Request), Object(Closure))
#31 /Applications/XAMPP/xamppfiles/htdocs/BooksGram/vendor/laravel/framework/src/Illuminate/Routing/Pipeline.php(53): Illuminate\\Pipeline\\Pipeline->Illuminate\\Pipeline\\{closure}(Object(Illuminate\\Http\\Request))
#32 /Applications/XAMPP/xamppfiles/htdocs/BooksGram/vendor/laravel/framework/src/Illuminate/Session/Middleware/StartSession.php(56): Illuminate\\Routing\\Pipeline->Illuminate\\Routing\\{closure}(Object(Illuminate\\Http\\Request))
#33 /Applications/XAMPP/xamppfiles/htdocs/BooksGram/vendor/laravel/framework/src/Illuminate/Pipeline/Pipeline.php(163): Illuminate\\Session\\Middleware\\StartSession->handle(Object(Illuminate\\Http\\Request), Object(Closure))
#34 /Applications/XAMPP/xamppfiles/htdocs/BooksGram/vendor/laravel/framework/src/Illuminate/Routing/Pipeline.php(53): Illuminate\\Pipeline\\Pipeline->Illuminate\\Pipeline\\{closure}(Object(Illuminate\\Http\\Request))
#35 /Applications/XAMPP/xamppfiles/htdocs/BooksGram/vendor/laravel/framework/src/Illuminate/Cookie/Middleware/AddQueuedCookiesToResponse.php(37): Illuminate\\Routing\\Pipeline->Illuminate\\Routing\\{closure}(Object(Illuminate\\Http\\Request))
#36 /Applications/XAMPP/xamppfiles/htdocs/BooksGram/vendor/laravel/framework/src/Illuminate/Pipeline/Pipeline.php(163): Illuminate\\Cookie\\Middleware\\AddQueuedCookiesToResponse->handle(Object(Illuminate\\Http\\Request), Object(Closure))
#37 /Applications/XAMPP/xamppfiles/htdocs/BooksGram/vendor/laravel/framework/src/Illuminate/Routing/Pipeline.php(53): Illuminate\\Pipeline\\Pipeline->Illuminate\\Pipeline\\{closure}(Object(Illuminate\\Http\\Request))
#38 /Applications/XAMPP/xamppfiles/htdocs/BooksGram/vendor/laravel/framework/src/Illuminate/Cookie/Middleware/EncryptCookies.php(66): Illuminate\\Routing\\Pipeline->Illuminate\\Routing\\{closure}(Object(Illuminate\\Http\\Request))
#39 /Applications/XAMPP/xamppfiles/htdocs/BooksGram/vendor/laravel/framework/src/Illuminate/Pipeline/Pipeline.php(163): Illuminate\\Cookie\\Middleware\\EncryptCookies->handle(Object(Illuminate\\Http\\Request), Object(Closure))
#40 /Applications/XAMPP/xamppfiles/htdocs/BooksGram/vendor/laravel/framework/src/Illuminate/Routing/Pipeline.php(53): Illuminate\\Pipeline\\Pipeline->Illuminate\\Pipeline\\{closure}(Object(Illuminate\\Http\\Request))
#41 /Applications/XAMPP/xamppfiles/htdocs/BooksGram/vendor/laravel/framework/src/Illuminate/Pipeline/Pipeline.php(104): Illuminate\\Routing\\Pipeline->Illuminate\\Routing\\{closure}(Object(Illuminate\\Http\\Request))
#42 /Applications/XAMPP/xamppfiles/htdocs/BooksGram/vendor/laravel/framework/src/Illuminate/Routing/Router.php(682): Illuminate\\Pipeline\\Pipeline->then(Object(Closure))
#43 /Applications/XAMPP/xamppfiles/htdocs/BooksGram/vendor/laravel/framework/src/Illuminate/Routing/Router.php(657): Illuminate\\Routing\\Router->runRouteWithinStack(Object(Illuminate\\Routing\\Route), Object(Illuminate\\Http\\Request))
#44 /Applications/XAMPP/xamppfiles/htdocs/BooksGram/vendor/laravel/framework/src/Illuminate/Routing/Router.php(623): Illuminate\\Routing\\Router->runRoute(Object(Illuminate\\Http\\Request), Object(Illuminate\\Routing\\Route))
#45 /Applications/XAMPP/xamppfiles/htdocs/BooksGram/vendor/laravel/framework/src/Illuminate/Routing/Router.php(612): Illuminate\\Routing\\Router->dispatchToRoute(Object(Illuminate\\Http\\Request))
#46 /Applications/XAMPP/xamppfiles/htdocs/BooksGram/vendor/laravel/framework/src/Illuminate/Foundation/Http/Kernel.php(176): Illuminate\\Routing\\Router->dispatch(Object(Illuminate\\Http\\Request))
#47 /Applications/XAMPP/xamppfiles/htdocs/BooksGram/vendor/laravel/framework/src/Illuminate/Routing/Pipeline.php(30): Illuminate\\Foundation\\Http\\Kernel->Illuminate\\Foundation\\Http\\{closure}(Object(Illuminate\\Http\\Request))
#48 /Applications/XAMPP/xamppfiles/htdocs/BooksGram/vendor/fideloper/proxy/src/TrustProxies.php(57): Illuminate\\Routing\\Pipeline->Illuminate\\Routing\\{closure}(Object(Illuminate\\Http\\Request))
#49 /Applications/XAMPP/xamppfiles/htdocs/BooksGram/vendor/laravel/framework/src/Illuminate/Pipeline/Pipeline.php(163): Fideloper\\Proxy\\TrustProxies->handle(Object(Illuminate\\Http\\Request), Object(Closure))
#50 /Applications/XAMPP/xamppfiles/htdocs/BooksGram/vendor/laravel/framework/src/Illuminate/Routing/Pipeline.php(53): Illuminate\\Pipeline\\Pipeline->Illuminate\\Pipeline\\{closure}(Object(Illuminate\\Http\\Request))
#51 /Applications/XAMPP/xamppfiles/htdocs/BooksGram/vendor/laravel/framework/src/Illuminate/Foundation/Http/Middleware/TransformsRequest.php(21): Illuminate\\Routing\\Pipeline->Illuminate\\Routing\\{closure}(Object(Illuminate\\Http\\Request))
#52 /Applications/XAMPP/xamppfiles/htdocs/BooksGram/vendor/laravel/framework/src/Illuminate/Pipeline/Pipeline.php(163): Illuminate\\Foundation\\Http\\Middleware\\TransformsRequest->handle(Object(Illuminate\\Http\\Request), Object(Closure))
#53 /Applications/XAMPP/xamppfiles/htdocs/BooksGram/vendor/laravel/framework/src/Illuminate/Routing/Pipeline.php(53): Illuminate\\Pipeline\\Pipeline->Illuminate\\Pipeline\\{closure}(Object(Illuminate\\Http\\Request))
#54 /Applications/XAMPP/xamppfiles/htdocs/BooksGram/vendor/laravel/framework/src/Illuminate/Foundation/Http/Middleware/TransformsRequest.php(21): Illuminate\\Routing\\Pipeline->Illuminate\\Routing\\{closure}(Object(Illuminate\\Http\\Request))
#55 /Applications/XAMPP/xamppfiles/htdocs/BooksGram/vendor/laravel/framework/src/Illuminate/Pipeline/Pipeline.php(163): Illuminate\\Foundation\\Http\\Middleware\\TransformsRequest->handle(Object(Illuminate\\Http\\Request), Object(Closure))
#56 /Applications/XAMPP/xamppfiles/htdocs/BooksGram/vendor/laravel/framework/src/Illuminate/Routing/Pipeline.php(53): Illuminate\\Pipeline\\Pipeline->Illuminate\\Pipeline\\{closure}(Object(Illuminate\\Http\\Request))
#57 /Applications/XAMPP/xamppfiles/htdocs/BooksGram/vendor/laravel/framework/src/Illuminate/Foundation/Http/Middleware/ValidatePostSize.php(27): Illuminate\\Routing\\Pipeline->Illuminate\\Routing\\{closure}(Object(Illuminate\\Http\\Request))
#58 /Applications/XAMPP/xamppfiles/htdocs/BooksGram/vendor/laravel/framework/src/Illuminate/Pipeline/Pipeline.php(163): Illuminate\\Foundation\\Http\\Middleware\\ValidatePostSize->handle(Object(Illuminate\\Http\\Request), Object(Closure))
#59 /Applications/XAMPP/xamppfiles/htdocs/BooksGram/vendor/laravel/framework/src/Illuminate/Routing/Pipeline.php(53): Illuminate\\Pipeline\\Pipeline->Illuminate\\Pipeline\\{closure}(Object(Illuminate\\Http\\Request))
#60 /Applications/XAMPP/xamppfiles/htdocs/BooksGram/vendor/laravel/framework/src/Illuminate/Foundation/Http/Middleware/CheckForMaintenanceMode.php(62): Illuminate\\Routing\\Pipeline->Illuminate\\Routing\\{closure}(Object(Illuminate\\Http\\Request))
#61 /Applications/XAMPP/xamppfiles/htdocs/BooksGram/vendor/laravel/framework/src/Illuminate/Pipeline/Pipeline.php(163): Illuminate\\Foundation\\Http\\Middleware\\CheckForMaintenanceMode->handle(Object(Illuminate\\Http\\Request), Object(Closure))
#62 /Applications/XAMPP/xamppfiles/htdocs/BooksGram/vendor/laravel/framework/src/Illuminate/Routing/Pipeline.php(53): Illuminate\\Pipeline\\Pipeline->Illuminate\\Pipeline\\{closure}(Object(Illuminate\\Http\\Request))
#63 /Applications/XAMPP/xamppfiles/htdocs/BooksGram/vendor/laravel/framework/src/Illuminate/Pipeline/Pipeline.php(104): Illuminate\\Routing\\Pipeline->Illuminate\\Routing\\{closure}(Object(Illuminate\\Http\\Request))
#64 /Applications/XAMPP/xamppfiles/htdocs/BooksGram/vendor/laravel/framework/src/Illuminate/Foundation/Http/Kernel.php(151): Illuminate\\Pipeline\\Pipeline->then(Object(Closure))
#65 /Applications/XAMPP/xamppfiles/htdocs/BooksGram/vendor/laravel/framework/src/Illuminate/Foundation/Http/Kernel.php(116): Illuminate\\Foundation\\Http\\Kernel->sendRequestThroughRouter(Object(Illuminate\\Http\\Request))
#66 /Applications/XAMPP/xamppfiles/htdocs/BooksGram/public/index.php(55): Illuminate\\Foundation\\Http\\Kernel->handle(Object(Illuminate\\Http\\Request))
#67 /Applications/XAMPP/xamppfiles/htdocs/BooksGram/server.php(21): require_once('/Applications/X...')
#68 {main}
"} 
[2019-06-28 10:59:18] local.ERROR: SQLSTATE[HY000] [2002] Connection refused (SQL: select count(*) as aggregate from `telescope_entries` where `type` = exception and `family_hash` = 15959e225d9b78201f89cd1033ad9ddc) {"exception":"[object] (Illuminate\\Database\\QueryException(code: 2002): SQLSTATE[HY000] [2002] Connection refused (SQL: select count(*) as aggregate from `telescope_entries` where `type` = exception and `family_hash` = 15959e225d9b78201f89cd1033ad9ddc) at /Applications/XAMPP/xamppfiles/htdocs/BooksGram/vendor/laravel/framework/src/Illuminate/Database/Connection.php:664, PDOException(code: 2002): SQLSTATE[HY000] [2002] Connection refused at /Applications/XAMPP/xamppfiles/htdocs/BooksGram/vendor/laravel/framework/src/Illuminate/Database/Connectors/Connector.php:70)
[stacktrace]
#0 /Applications/XAMPP/xamppfiles/htdocs/BooksGram/vendor/laravel/framework/src/Illuminate/Database/Connection.php(624): Illuminate\\Database\\Connection->runQueryCallback('select count(*)...', Array, Object(Closure))
#1 /Applications/XAMPP/xamppfiles/htdocs/BooksGram/vendor/laravel/framework/src/Illuminate/Database/Connection.php(333): Illuminate\\Database\\Connection->run('select count(*)...', Array, Object(Closure))
#2 /Applications/XAMPP/xamppfiles/htdocs/BooksGram/vendor/laravel/framework/src/Illuminate/Database/Query/Builder.php(2124): Illuminate\\Database\\Connection->select('select count(*)...', Array, true)
#3 /Applications/XAMPP/xamppfiles/htdocs/BooksGram/vendor/laravel/framework/src/Illuminate/Database/Query/Builder.php(2112): Illuminate\\Database\\Query\\Builder->runSelect()
#4 /Applications/XAMPP/xamppfiles/htdocs/BooksGram/vendor/laravel/framework/src/Illuminate/Database/Query/Builder.php(2598): Illuminate\\Database\\Query\\Builder->Illuminate\\Database\\Query\\{closure}()
#5 /Applications/XAMPP/xamppfiles/htdocs/BooksGram/vendor/laravel/framework/src/Illuminate/Database/Query/Builder.php(2113): Illuminate\\Database\\Query\\Builder->onceWithColumns(Array, Object(Closure))
#6 /Applications/XAMPP/xamppfiles/htdocs/BooksGram/vendor/laravel/framework/src/Illuminate/Database/Query/Builder.php(2525): Illuminate\\Database\\Query\\Builder->get(Array)
#7 /Applications/XAMPP/xamppfiles/htdocs/BooksGram/vendor/laravel/framework/src/Illuminate/Database/Query/Builder.php(2453): Illuminate\\Database\\Query\\Builder->aggregate('count', Array)
#8 /Applications/XAMPP/xamppfiles/htdocs/BooksGram/vendor/laravel/telescope/src/Storage/DatabaseEntriesRepository.php(151): Illuminate\\Database\\Query\\Builder->count()
#9 [internal function]: Laravel\\Telescope\\Storage\\DatabaseEntriesRepository->Laravel\\Telescope\\Storage\\{closure}(Object(Laravel\\Telescope\\IncomingExceptionEntry), 1)
#10 /Applications/XAMPP/xamppfiles/htdocs/BooksGram/vendor/laravel/framework/src/Illuminate/Support/Collection.php(1120): array_map(Object(Closure), Array, Array)
#11 /Applications/XAMPP/xamppfiles/htdocs/BooksGram/vendor/laravel/telescope/src/Storage/DatabaseEntriesRepository.php(164): Illuminate\\Support\\Collection->map(Object(Closure))
#12 /Applications/XAMPP/xamppfiles/htdocs/BooksGram/vendor/laravel/telescope/src/Storage/DatabaseEntriesRepository.php(124): Laravel\\Telescope\\Storage\\DatabaseEntriesRepository->storeExceptions(Object(Illuminate\\Support\\Collection))
#13 /Applications/XAMPP/xamppfiles/htdocs/BooksGram/vendor/laravel/telescope/src/Telescope.php(553): Laravel\\Telescope\\Storage\\DatabaseEntriesRepository->store(Object(Illuminate\\Support\\Collection))
#14 /Applications/XAMPP/xamppfiles/htdocs/BooksGram/vendor/laravel/telescope/src/ListensForStorageOpportunities.php(44): Laravel\\Telescope\\Telescope::store(Object(Laravel\\Telescope\\Storage\\DatabaseEntriesRepository))
#15 [internal function]: Laravel\\Telescope\\Telescope::Laravel\\Telescope\\{closure}()
#16 /Applications/XAMPP/xamppfiles/htdocs/BooksGram/vendor/laravel/framework/src/Illuminate/Container/BoundMethod.php(32): call_user_func_array(Object(Closure), Array)
#17 /Applications/XAMPP/xamppfiles/htdocs/BooksGram/vendor/laravel/framework/src/Illuminate/Container/BoundMethod.php(78): Illuminate\\Container\\BoundMethod::Illuminate\\Container\\{closure}()
#18 /Applications/XAMPP/xamppfiles/htdocs/BooksGram/vendor/laravel/framework/src/Illuminate/Container/BoundMethod.php(34): Illuminate\\Container\\BoundMethod::callBoundMethod(Object(Illuminate\\Foundation\\Application), Object(Closure), Object(Closure))
#19 /Applications/XAMPP/xamppfiles/htdocs/BooksGram/vendor/laravel/framework/src/Illuminate/Container/Container.php(576): Illuminate\\Container\\BoundMethod::call(Object(Illuminate\\Foundation\\Application), Object(Closure), Array, NULL)
#20 /Applications/XAMPP/xamppfiles/htdocs/BooksGram/vendor/laravel/framework/src/Illuminate/Foundation/Application.php(1019): Illuminate\\Container\\Container->call(Object(Closure))
#21 /Applications/XAMPP/xamppfiles/htdocs/BooksGram/vendor/laravel/framework/src/Illuminate/Foundation/Http/Kernel.php(191): Illuminate\\Foundation\\Application->terminate()
#22 /Applications/XAMPP/xamppfiles/htdocs/BooksGram/public/index.php(60): Illuminate\\Foundation\\Http\\Kernel->terminate(Object(Illuminate\\Http\\Request), Object(Illuminate\\Http\\Response))
#23 /Applications/XAMPP/xamppfiles/htdocs/BooksGram/server.php(21): require_once('/Applications/X...')
#24 {main}
"} 
